0 info it worked if it ends with ok
1 verbose cli [ 'node', '/usr/local/bin/npm', 'unpublish', '--force' ]
2 info using npm@3.8.1
3 info using node@v0.12.7
4 warn using --force I sure hope you know what you are doing.
5 silly unpublish args[0] undefined
6 silly unpublish thing {}
7 verbose unpublish { name: 'xace',
7 verbose unpublish   version: '0.1.2',
7 verbose unpublish   dependencies: {},
7 verbose unpublish   devDependencies: {},
7 verbose unpublish   licenses:
7 verbose unpublish    [ { type: 'BSD',
7 verbose unpublish        url: 'https://github.com/ibm-js/delite/blob/master/LICENSE' } ],
7 verbose unpublish   bugs: { url: 'https://gitlab.com/xamiro/xace/issues' },
7 verbose unpublish   homepage: 'http://gitlab.com/xamiro/xace',
7 verbose unpublish   dojoBuild: 'layer.profile.js',
7 verbose unpublish   readme: 'XIDE - ACEEditor, written in AMD format, ready for Dojo applications.\n\n```js\n\n\n\n```',
7 verbose unpublish   readmeFilename: 'README.md',
7 verbose unpublish   description: 'XIDE - ACEEditor, written in AMD format, ready for Dojo applications.',
7 verbose unpublish   _id: 'xace@0.1.2' }
8 verbose getPublishConfig undefined
9 silly ls normalized xace/0.1.2
10 silly gentlyRm /home/mc007/.npm/xace/0.1.2 is being purged
11 verbose gentlyRm don't care about contents; nuking /home/mc007/.npm/xace/0.1.2
12 silly vacuum-fs purging /home/mc007/.npm/xace/0.1.2
13 silly vacuum-fs quitting because other entries in /home/mc007/.npm/xace
14 silly mapToRegistry name xace
15 silly mapToRegistry using default registry
16 silly mapToRegistry registry https://registry.npmjs.org/
17 silly mapToRegistry uri https://registry.npmjs.org/xace
18 verbose get GET as part of write; not caching result
19 verbose request uri https://registry.npmjs.org/xace?write=true
20 verbose request no auth needed
21 info attempt registry request try #1 at 13:34:40
22 verbose request using bearer token for auth
23 verbose request id f2729e19f9e501e1
24 http request GET https://registry.npmjs.org/xace?write=true
25 http 200 https://registry.npmjs.org/xace?write=true
26 verbose headers { server: 'CouchDB/1.5.0 (Erlang OTP/R16B03)',
26 verbose headers   etag: '"1M0HC6D4EIEI8HGHSMK5B64XQ"',
26 verbose headers   'content-type': 'application/json',
26 verbose headers   'content-encoding': 'gzip',
26 verbose headers   'cache-control': 'max-age=0',
26 verbose headers   'transfer-encoding': 'chunked',
26 verbose headers   'accept-ranges': 'bytes',
26 verbose headers   date: 'Fri, 27 May 2016 11:34:41 GMT',
26 verbose headers   via: '1.1 varnish',
26 verbose headers   connection: 'keep-alive',
26 verbose headers   'x-served-by': 'cache-lhr6338-LHR',
26 verbose headers   'x-cache': 'MISS',
26 verbose headers   'x-cache-hits': '0',
26 verbose headers   'x-timer': 'S1464348881.060192,VS0,VE328',
26 verbose headers   vary: 'Accept-Encoding' }
27 silly get cb [ 200,
27 silly get   { server: 'CouchDB/1.5.0 (Erlang OTP/R16B03)',
27 silly get     etag: '"1M0HC6D4EIEI8HGHSMK5B64XQ"',
27 silly get     'content-type': 'application/json',
27 silly get     'content-encoding': 'gzip',
27 silly get     'cache-control': 'max-age=0',
27 silly get     'transfer-encoding': 'chunked',
27 silly get     'accept-ranges': 'bytes',
27 silly get     date: 'Fri, 27 May 2016 11:34:41 GMT',
27 silly get     via: '1.1 varnish',
27 silly get     connection: 'keep-alive',
27 silly get     'x-served-by': 'cache-lhr6338-LHR',
27 silly get     'x-cache': 'MISS',
27 silly get     'x-cache-hits': '0',
27 silly get     'x-timer': 'S1464348881.060192,VS0,VE328',
27 silly get     vary: 'Accept-Encoding' } ]
28 verbose get saving xace to /home/mc007/.npm/registry.npmjs.org/xace_3Fwrite_3Dtrue/.cache.json
29 verbose correctMkdir /home/mc007/.npm correctMkdir not in flight; initializing
30 verbose unpublish removing attachments { shasum: '5c6c221f5f0db8bc17d2325b526c9df7a3ebf73e',
30 verbose unpublish   tarball: 'http://registry.npmjs.org/xace/-/xace-0.1.2.tgz' }
31 verbose request uri https://registry.npmjs.org/xace/-rev/2-9f99cd653f68a2f3cdd3dab2fee9d704
32 verbose request sending authorization for write operation
33 info attempt registry request try #1 at 13:34:41
34 verbose request using bearer token for auth
35 http request PUT https://registry.npmjs.org/xace/-rev/2-9f99cd653f68a2f3cdd3dab2fee9d704
36 http 500 https://registry.npmjs.org/xace/-rev/2-9f99cd653f68a2f3cdd3dab2fee9d704
37 verbose headers { 'content-type': 'application/json',
37 verbose headers   'cache-control': 'max-age=0',
37 verbose headers   'content-length': '80',
37 verbose headers   'accept-ranges': 'bytes',
37 verbose headers   date: 'Fri, 27 May 2016 11:34:43 GMT',
37 verbose headers   via: '1.1 varnish',
37 verbose headers   connection: 'keep-alive',
37 verbose headers   'x-served-by': 'cache-lhr6333-LHR',
37 verbose headers   'x-cache': 'MISS',
37 verbose headers   'x-cache-hits': '0',
37 verbose headers   'x-timer': 'S1464348881.821575,VS0,VE1213' }
38 info retry will retry, error on last attempt: Error: "cannot unpublish a version that is >24 hours old" : xace
39 info attempt registry request try #2 at 13:34:53
40 verbose request using bearer token for auth
41 http request PUT https://registry.npmjs.org/xace/-rev/2-9f99cd653f68a2f3cdd3dab2fee9d704
42 http 500 https://registry.npmjs.org/xace/-rev/2-9f99cd653f68a2f3cdd3dab2fee9d704
43 verbose headers { 'content-type': 'application/json',
43 verbose headers   'cache-control': 'max-age=0',
43 verbose headers   'content-length': '80',
43 verbose headers   'accept-ranges': 'bytes',
43 verbose headers   date: 'Fri, 27 May 2016 11:34:54 GMT',
43 verbose headers   via: '1.1 varnish',
43 verbose headers   connection: 'keep-alive',
43 verbose headers   'x-served-by': 'cache-ams4137-AMS',
43 verbose headers   'x-cache': 'MISS',
43 verbose headers   'x-cache-hits': '0',
43 verbose headers   'x-timer': 'S1464348893.502475,VS0,VE925' }
44 info retry will retry, error on last attempt: Error: "cannot unpublish a version that is >24 hours old" : xace
45 info attempt registry request try #3 at 13:35:54
46 verbose request using bearer token for auth
47 http request PUT https://registry.npmjs.org/xace/-rev/2-9f99cd653f68a2f3cdd3dab2fee9d704
48 http 500 https://registry.npmjs.org/xace/-rev/2-9f99cd653f68a2f3cdd3dab2fee9d704
49 verbose headers { 'content-type': 'application/json',
49 verbose headers   'cache-control': 'max-age=0',
49 verbose headers   'content-length': '80',
49 verbose headers   'accept-ranges': 'bytes',
49 verbose headers   date: 'Fri, 27 May 2016 11:35:55 GMT',
49 verbose headers   via: '1.1 varnish',
49 verbose headers   connection: 'keep-alive',
49 verbose headers   'x-served-by': 'cache-lhr6329-LHR',
49 verbose headers   'x-cache': 'MISS',
49 verbose headers   'x-cache-hits': '0',
49 verbose headers   'x-timer': 'S1464348954.897476,VS0,VE978' }
50 verbose request invalidating /home/mc007/.npm/registry.npmjs.org/xace on PUT
51 error unpublish Failed to update data
52 verbose stack Error: "cannot unpublish a version that is >24 hours old" : xace
52 verbose stack     at makeError (/usr/local/lib/node_modules/npm/node_modules/npm-registry-client/lib/request.js:264:12)
52 verbose stack     at CachingRegistryClient.<anonymous> (/usr/local/lib/node_modules/npm/node_modules/npm-registry-client/lib/request.js:252:14)
52 verbose stack     at Request._callback (/usr/local/lib/node_modules/npm/node_modules/npm-registry-client/lib/request.js:172:14)
52 verbose stack     at Request.self.callback (/usr/local/lib/node_modules/npm/node_modules/request/request.js:199:22)
52 verbose stack     at Request.emit (events.js:110:17)
52 verbose stack     at Request.<anonymous> (/usr/local/lib/node_modules/npm/node_modules/request/request.js:1036:10)
52 verbose stack     at Request.emit (events.js:129:20)
52 verbose stack     at IncomingMessage.<anonymous> (/usr/local/lib/node_modules/npm/node_modules/request/request.js:963:12)
52 verbose stack     at IncomingMessage.emit (events.js:129:20)
52 verbose stack     at _stream_readable.js:908:16
53 verbose statusCode 500
54 verbose pkgid xace
55 verbose cwd /PMaster/projects/x4mm/Code/client/src/lib/xace
56 error Linux 4.2.0-36-generic
57 error argv "node" "/usr/local/bin/npm" "unpublish" "--force"
58 error node v0.12.7
59 error npm  v3.8.1
60 error code E500
61 error "cannot unpublish a version that is >24 hours old" : xace
62 error If you need help, you may report this error at:
62 error     <https://github.com/npm/npm/issues>
63 verbose exit [ 1, true ]
